[INFO] [2017-12-21 22:04:25][org.springframework.test.context.support.DefaultTestContextBootstrapper]Loaded default TestExecutionListener class names from location [META-INF/spring.factories]: [org.springframework.test.context.web.ServletTestExecutionListener, org.springframework.test.context.support.DirtiesContextBeforeModesTestExecutionListener, org.springframework.test.context.support.DependencyInjectionTestExecutionListener, org.springframework.test.context.support.DirtiesContextTestExecutionListener, org.springframework.test.context.transaction.TransactionalTestExecutionListener, org.springframework.test.context.jdbc.SqlScriptsTestExecutionListener]
  [INFO] [2017-12-21 22:04:25][org.springframework.test.context.support.DefaultTestContextBootstrapper]Using TestExecutionListeners: [org.springframework.test.context.web.ServletTestExecutionListener@396a51ab, org.springframework.test.context.support.DirtiesContextBeforeModesTestExecutionListener@51081592, org.springframework.test.context.support.DependencyInjectionTestExecutionListener@7f9a81e8, org.springframework.test.context.support.DirtiesContextTestExecutionListener@9629756, org.springframework.test.context.transaction.TransactionalTestExecutionListener@62ee68d8, org.springframework.test.context.jdbc.SqlScriptsTestExecutionListener@735b5592]
  [INFO] [2017-12-21 22:04:25][org.springframework.beans.factory.xml.XmlBeanDefinitionReader]Loading XML bean definitions from class path resource [application.xml]
  [INFO] [2017-12-21 22:04:25][org.springframework.context.support.GenericApplicationContext]Refreshing org.springframework.context.support.GenericApplicationContext@6500df86: startup date [Thu Dec 21 22:04:25 CST 2017]; root of context hierarchy
  [ERROR] [2017-12-21 22:04:26][org.springframework.test.context.TestContextManager]Caught exception while allowing TestExecutionListener [org.springframework.test.context.support.DependencyInjectionTestExecutionListener@7f9a81e8] to prepare test instance [com.song.aaa.test.Test1@1ba9117e]
  org.springframework.beans.factory.BeanCreationException: Error creating bean with name 'com.song.aaa.test.Test1': Injection of resource dependencies failed; nested exception is org.springframework.beans.factory.NoSuchBeanDefinitionException: No qualifying bean of type 'com.song.aaa.service.TestService' available: expected at least 1 bean which qualifies as autowire candidate. Dependency annotations: {@javax.annotation.Resource(shareable=true, lookup=, name=, description=, authenticationType=CONTAINER, type=class java.lang.Object, mappedName=)}
	at org.springframework.context.annotation.CommonAnnotationBeanPostProcessor.postProcessPropertyValues(CommonAnnotationBeanPostProcessor.java:321)
	at org.springframework.beans.factory.support.AbstractAutowireCapableBeanFactory.populateBean(AbstractAutowireCapableBeanFactory.java:1264)
	at org.springframework.beans.factory.support.AbstractAutowireCapableBeanFactory.autowireBeanProperties(AbstractAutowireCapableBeanFactory.java:386)
	at org.springframework.test.context.support.DependencyInjectionTestExecutionListener.injectDependencies(DependencyInjectionTestExecutionListener.java:118)
	at org.springframework.test.context.support.DependencyInjectionTestExecutionListener.prepareTestInstance(DependencyInjectionTestExecutionListener.java:83)
	at org.springframework.test.context.TestContextManager.prepareTestInstance(TestContextManager.java:230)
	at org.springframework.test.context.junit4.SpringJUnit4ClassRunner.createTest(SpringJUnit4ClassRunner.java:228)
	at org.springframework.test.context.junit4.SpringJUnit4ClassRunner$1.runReflectiveCall(SpringJUnit4ClassRunner.java:287)
	at org.junit.internal.runners.model.ReflectiveCallable.run(ReflectiveCallable.java:12)
	at org.springframework.test.context.junit4.SpringJUnit4ClassRunner.methodBlock(SpringJUnit4ClassRunner.java:289)
	at org.springframework.test.context.junit4.SpringJUnit4ClassRunner.runChild(SpringJUnit4ClassRunner.java:247)
	at org.springframework.test.context.junit4.SpringJUnit4ClassRunner.runChild(SpringJUnit4ClassRunner.java:94)
	at org.junit.runners.ParentRunner$3.run(ParentRunner.java:290)
	at org.junit.runners.ParentRunner$1.schedule(ParentRunner.java:71)
	at org.junit.runners.ParentRunner.runChildren(ParentRunner.java:288)
	at org.junit.runners.ParentRunner.access$000(ParentRunner.java:58)
	at org.junit.runners.ParentRunner$2.evaluate(ParentRunner.java:268)
	at org.springframework.test.context.junit4.statements.RunBeforeTestClassCallbacks.evaluate(RunBeforeTestClassCallbacks.java:61)
	at org.springframework.test.context.junit4.statements.RunAfterTestClassCallbacks.evaluate(RunAfterTestClassCallbacks.java:70)
	at org.junit.runners.ParentRunner.run(ParentRunner.java:363)
	at org.springframework.test.context.junit4.SpringJUnit4ClassRunner.run(SpringJUnit4ClassRunner.java:191)
	at org.eclipse.jdt.internal.junit4.runner.JUnit4TestReference.run(JUnit4TestReference.java:86)
	at org.eclipse.jdt.internal.junit.runner.TestExecution.run(TestExecution.java:38)
	at org.eclipse.jdt.internal.junit.runner.RemoteTestRunner.runTests(RemoteTestRunner.java:539)
	at org.eclipse.jdt.internal.junit.runner.RemoteTestRunner.runTests(RemoteTestRunner.java:761)
	at org.eclipse.jdt.internal.junit.runner.RemoteTestRunner.run(RemoteTestRunner.java:461)
	at org.eclipse.jdt.internal.junit.runner.RemoteTestRunner.main(RemoteTestRunner.java:207)
Caused by: org.springframework.beans.factory.NoSuchBeanDefinitionException: No qualifying bean of type 'com.song.aaa.service.TestService' available: expected at least 1 bean which qualifies as autowire candidate. Dependency annotations: {@javax.annotation.Resource(shareable=true, lookup=, name=, description=, authenticationType=CONTAINER, type=class java.lang.Object, mappedName=)}
	at org.springframework.beans.factory.support.DefaultListableBeanFactory.raiseNoMatchingBeanFound(DefaultListableBeanFactory.java:1493)
	at org.springframework.beans.factory.support.DefaultListableBeanFactory.doResolveDependency(DefaultListableBeanFactory.java:1104)
	at org.springframework.beans.factory.support.DefaultListableBeanFactory.resolveDependency(DefaultListableBeanFactory.java:1066)
	at org.springframework.context.annotation.CommonAnnotationBeanPostProcessor.autowireResource(CommonAnnotationBeanPostProcessor.java:518)
	at org.springframework.context.annotation.CommonAnnotationBeanPostProcessor.getResource(CommonAnnotationBeanPostProcessor.java:496)
	at org.springframework.context.annotation.CommonAnnotationBeanPostProcessor$ResourceElement.getResourceToInject(CommonAnnotationBeanPostProcessor.java:627)
	at org.springframework.beans.factory.annotation.InjectionMetadata$InjectedElement.inject(InjectionMetadata.java:169)
	at org.springframework.beans.factory.annotation.InjectionMetadata.inject(InjectionMetadata.java:88)
	at org.springframework.context.annotation.CommonAnnotationBeanPostProcessor.postProcessPropertyValues(CommonAnnotationBeanPostProcessor.java:318)
	... 26 more
[INFO] [2017-12-21 22:04:26][org.springframework.context.support.GenericApplicationContext]Closing org.springframework.context.support.GenericApplicationContext@6500df86: startup date [Thu Dec 21 22:04:25 CST 2017]; root of context hierarchy
  [INFO] [2017-12-21 22:05:41][org.springframework.test.context.support.DefaultTestContextBootstrapper]Loaded default TestExecutionListener class names from location [META-INF/spring.factories]: [org.springframework.test.context.web.ServletTestExecutionListener, org.springframework.test.context.support.DirtiesContextBeforeModesTestExecutionListener, org.springframework.test.context.support.DependencyInjectionTestExecutionListener, org.springframework.test.context.support.DirtiesContextTestExecutionListener, org.springframework.test.context.transaction.TransactionalTestExecutionListener, org.springframework.test.context.jdbc.SqlScriptsTestExecutionListener]
  [INFO] [2017-12-21 22:05:41][org.springframework.test.context.support.DefaultTestContextBootstrapper]Using TestExecutionListeners: [org.springframework.test.context.web.ServletTestExecutionListener@396a51ab, org.springframework.test.context.support.DirtiesContextBeforeModesTestExecutionListener@51081592, org.springframework.test.context.support.DependencyInjectionTestExecutionListener@7f9a81e8, org.springframework.test.context.support.DirtiesContextTestExecutionListener@9629756, org.springframework.test.context.transaction.TransactionalTestExecutionListener@62ee68d8, org.springframework.test.context.jdbc.SqlScriptsTestExecutionListener@735b5592]
  [INFO] [2017-12-21 22:05:41][org.springframework.beans.factory.xml.XmlBeanDefinitionReader]Loading XML bean definitions from class path resource [application.xml]
  [INFO] [2017-12-21 22:05:41][org.springframework.context.support.GenericApplicationContext]Refreshing org.springframework.context.support.GenericApplicationContext@6500df86: startup date [Thu Dec 21 22:05:41 CST 2017]; root of context hierarchy
  [INFO] [2017-12-21 22:05:42][com.song.aaa.test.Test1]哈哈哈
  [INFO] [2017-12-21 22:05:42][org.springframework.context.support.GenericApplicationContext]Closing org.springframework.context.support.GenericApplicationContext@6500df86: startup date [Thu Dec 21 22:05:41 CST 2017]; root of context hierarchy
  [INFO] [2017-12-21 22:22:33][org.springframework.test.context.support.DefaultTestContextBootstrapper]Loaded default TestExecutionListener class names from location [META-INF/spring.factories]: [org.springframework.test.context.web.ServletTestExecutionListener, org.springframework.test.context.support.DirtiesContextBeforeModesTestExecutionListener, org.springframework.test.context.support.DependencyInjectionTestExecutionListener, org.springframework.test.context.support.DirtiesContextTestExecutionListener, org.springframework.test.context.transaction.TransactionalTestExecutionListener, org.springframework.test.context.jdbc.SqlScriptsTestExecutionListener]
  [INFO] [2017-12-21 22:22:33][org.springframework.test.context.support.DefaultTestContextBootstrapper]Using TestExecutionListeners: [org.springframework.test.context.web.ServletTestExecutionListener@7f9a81e8, org.springframework.test.context.support.DirtiesContextBeforeModesTestExecutionListener@9629756, org.springframework.test.context.support.DependencyInjectionTestExecutionListener@62ee68d8, org.springframework.test.context.support.DirtiesContextTestExecutionListener@735b5592, org.springframework.test.context.transaction.TransactionalTestExecutionListener@58651fd0, org.springframework.test.context.jdbc.SqlScriptsTestExecutionListener@4520ebad]
  [INFO] [2017-12-21 22:22:33][org.springframework.beans.factory.xml.XmlBeanDefinitionReader]Loading XML bean definitions from class path resource [application.xml]
  [INFO] [2017-12-21 22:22:33][org.springframework.context.support.GenericApplicationContext]Refreshing org.springframework.context.support.GenericApplicationContext@59ec2012: startup date [Thu Dec 21 22:22:33 CST 2017]; root of context hierarchy
  [INFO] [2017-12-21 22:22:34][com.song.aaa.test.Test1]哈哈哈
  [INFO] [2017-12-21 22:22:34][org.springframework.context.support.GenericApplicationContext]Closing org.springframework.context.support.GenericApplicationContext@59ec2012: startup date [Thu Dec 21 22:22:33 CST 2017]; root of context hierarchy
  [INFO] [2017-12-26 22:03:43][org.springframework.test.context.support.DefaultTestContextBootstrapper]Loaded default TestExecutionListener class names from location [META-INF/spring.factories]: [org.springframework.test.context.web.ServletTestExecutionListener, org.springframework.test.context.support.DirtiesContextBeforeModesTestExecutionListener, org.springframework.test.context.support.DependencyInjectionTestExecutionListener, org.springframework.test.context.support.DirtiesContextTestExecutionListener, org.springframework.test.context.transaction.TransactionalTestExecutionListener, org.springframework.test.context.jdbc.SqlScriptsTestExecutionListener]
  [INFO] [2017-12-26 22:03:44][org.springframework.test.context.support.DefaultTestContextBootstrapper]Using TestExecutionListeners: [org.springframework.test.context.web.ServletTestExecutionListener@1753acfe, org.springframework.test.context.support.DirtiesContextBeforeModesTestExecutionListener@7c16905e, org.springframework.test.context.support.DependencyInjectionTestExecutionListener@2a2d45ba, org.springframework.test.context.support.DirtiesContextTestExecutionListener@2a5ca609, org.springframework.test.context.transaction.TransactionalTestExecutionListener@20e2cbe0, org.springframework.test.context.jdbc.SqlScriptsTestExecutionListener@68be2bc2]
  [INFO] [2017-12-26 22:03:44][org.springframework.beans.factory.xml.XmlBeanDefinitionReader]Loading XML bean definitions from class path resource [applicationContext.xml]
  [INFO] [2017-12-26 22:03:44][org.springframework.context.support.GenericApplicationContext]Refreshing org.springframework.context.support.GenericApplicationContext@5f2108b5: startup date [Tue Dec 26 22:03:44 CST 2017]; root of context hierarchy
  [INFO] [2017-12-26 22:03:46][org.springframework.context.support.GenericApplicationContext]Closing org.springframework.context.support.GenericApplicationContext@5f2108b5: startup date [Tue Dec 26 22:03:44 CST 2017]; root of context hierarchy
  [INFO] [2017-12-26 22:56:04][org.springframework.test.context.support.DefaultTestContextBootstrapper]Loaded default TestExecutionListener class names from location [META-INF/spring.factories]: [org.springframework.test.context.web.ServletTestExecutionListener, org.springframework.test.context.support.DirtiesContextBeforeModesTestExecutionListener, org.springframework.test.context.support.DependencyInjectionTestExecutionListener, org.springframework.test.context.support.DirtiesContextTestExecutionListener, org.springframework.test.context.transaction.TransactionalTestExecutionListener, org.springframework.test.context.jdbc.SqlScriptsTestExecutionListener]
  [INFO] [2017-12-26 22:56:04][org.springframework.test.context.support.DefaultTestContextBootstrapper]Using TestExecutionListeners: [org.springframework.test.context.web.ServletTestExecutionListener@1753acfe, org.springframework.test.context.support.DirtiesContextBeforeModesTestExecutionListener@7c16905e, org.springframework.test.context.support.DependencyInjectionTestExecutionListener@2a2d45ba, org.springframework.test.context.support.DirtiesContextTestExecutionListener@2a5ca609, org.springframework.test.context.transaction.TransactionalTestExecutionListener@20e2cbe0, org.springframework.test.context.jdbc.SqlScriptsTestExecutionListener@68be2bc2]
  [INFO] [2017-12-26 22:56:04][org.springframework.beans.factory.xml.XmlBeanDefinitionReader]Loading XML bean definitions from class path resource [applicationContext.xml]
  [INFO] [2017-12-26 22:56:04][org.springframework.context.support.GenericApplicationContext]Refreshing org.springframework.context.support.GenericApplicationContext@5f2108b5: startup date [Tue Dec 26 22:56:04 CST 2017]; root of context hierarchy
  [INFO] [2017-12-26 22:56:05][org.springframework.context.support.GenericApplicationContext]Closing org.springframework.context.support.GenericApplicationContext@5f2108b5: startup date [Tue Dec 26 22:56:04 CST 2017]; root of context hierarchy
  [ERROR] [2017-12-30 16:47:39][topsdk]2017-12-30 16:47:39.005^_^23499074^_^alibaba.aliqin.fc.sms.num.send^_^192.168.43.239^_^Windows 10^_^1105^_^http://gw.api.tbsandbox.com/router/rest^_^method=alibaba.aliqin.fc.sms.num.send&sign=D3B4005BE5A3B81FFF0B374731F3920A&format=json&rec_num=17662646233&sms_template_code=SMS_24795157&extend=%E5%9B%9E%E6%98%BE%E5%8F%82%E6%95%B0&app_key=23499074&partner_id=top-sdk-java-20160607&v=2.0&sms_free_sign_name=%E5%AE%8F%E6%89%AC&sign_method=hmac&sms_param=%7B%22all%22%3A%22%E6%88%91%E6%98%AF%E8%A6%81%E5%8F%91%E9%80%81%E7%9A%84%E5%86%85%E5%AE%B9%22%7D&sms_type=normal&timestamp=2017-12-30+16%3A47%3A37^_^{"error_response":{"code":29,"msg":"Invalid app Key","sub_code":"isv.appkey-not-exists","request_id":"d457msr3jypo"}}
  [INFO] [2018-01-02 21:01:10][org.springframework.context.support.ClassPathXmlApplicationContext]Refreshing org.springframework.context.support.ClassPathXmlApplicationContext@71dac704: startup date [Tue Jan 02 21:01:10 CST 2018]; root of context hierarchy
  [INFO] [2018-01-02 21:01:10][org.springframework.beans.factory.xml.XmlBeanDefinitionReader]Loading XML bean definitions from class path resource [applicationContext.xml]
  